<?xml version="1.0" encoding="UTF-8"?>
<!-- Generated by org.testng.reporters.JUnitReportReporter -->
<testsuite hostname="6efd397dad4d" failures="0" tests="2" name="com.cs.tests.GetTitleTest" time="5.757" errors="0" timestamp="2024-11-17T18:02:32 GMT" skipped="0">
  <testcase classname="com.cs.tests.GetTitleTest" name="testgetTitle" time="3.104"/>
  <testcase classname="com.cs.tests.GetTitleTest" name="testgetTitles" time="2.653"/>
</testsuite> <!-- com.cs.tests.GetTitleTest -->
