<?xml version="1.0" encoding="UTF-8"?>
<!-- Generated by org.testng.reporters.JUnitReportReporter -->
<testsuite hostname="6efd397dad4d" failures="0" tests="1" name="com.cs.tests.AmazoneTestCase" time="7.932" errors="0" timestamp="2024-11-17T18:02:32 GMT" skipped="0">
  <testcase classname="com.cs.tests.AmazoneTestCase" name="testAmazoneFlow" time="7.932"/>
</testsuite> <!-- com.cs.tests.AmazoneTestCase -->
