<?xml version="1.0" encoding="UTF-8"?>
<!-- Generated by org.testng.reporters.JUnitReportReporter -->
<testsuite hostname="Ajit-CS" failures="0" tests="2" name="com.cs.tests.GetTitleTest" time="6.362" errors="0" timestamp="2024-11-17T23:08:09 IST" skipped="0">
  <testcase classname="com.cs.tests.GetTitleTest" name="testgetTitles" time="3.892"/>
  <testcase classname="com.cs.tests.GetTitleTest" name="testgetTitle" time="2.470"/>
</testsuite> <!-- com.cs.tests.GetTitleTest -->
